<?xml version="1.0" encoding="UTF-8"?>
<testng-results ignored="0" total="2" passed="2" failed="0" skipped="0">
  <reporter-output>
  </reporter-output>
  <suite started-at="2022-11-16T17:18:22 IST" name="Suite" finished-at="2022-11-16T17:19:34 IST" duration-ms="72402">
    <groups>
    </groups>
    <test started-at="2022-11-16T17:18:22 IST" name="Test" finished-at="2022-11-16T17:19:34 IST" duration-ms="72402">
      <class name="Tests.RegisterTest">
        <test-method is-config="true" signature="BrowserSetup()[pri:0, instance:Tests.RegisterTest@550dbc7a]" started-at="2022-11-16T17:18:22 IST" name="BrowserSetup" finished-at="2022-11-16T17:18:56 IST" duration-ms="33252" status="PASS">
          <reporter-output>
          </reporter-output>
        </test-method> <!-- BrowserSetup -->
        <test-method signature="register()[pri:0, instance:Tests.RegisterTest@550dbc7a]" started-at="2022-11-16T17:18:56 IST" name="register" finished-at="2022-11-16T17:19:05 IST" duration-ms="9319" status="PASS">
          <reporter-output>
          </reporter-output>
        </test-method> <!-- register -->
        <test-method is-config="true" signature="Teardown()[pri:0, instance:Tests.RegisterTest@550dbc7a]" started-at="2022-11-16T17:19:05 IST" name="Teardown" finished-at="2022-11-16T17:19:07 IST" duration-ms="2001" status="PASS">
          <reporter-output>
          </reporter-output>
        </test-method> <!-- Teardown -->
      </class> <!-- Tests.RegisterTest -->
      <class name="Tests.LoginTest">
        <test-method is-config="true" signature="BrowserSetup()[pri:0, instance:Tests.LoginTest@47e2e487]" started-at="2022-11-16T17:19:07 IST" name="BrowserSetup" finished-at="2022-11-16T17:19:26 IST" duration-ms="18663" status="PASS">
          <reporter-output>
          </reporter-output>
        </test-method> <!-- BrowserSetup -->
        <test-method signature="login()[pri:0, instance:Tests.LoginTest@47e2e487]" started-at="2022-11-16T17:19:26 IST" name="login" finished-at="2022-11-16T17:19:33 IST" duration-ms="7158" status="PASS">
          <reporter-output>
          </reporter-output>
        </test-method> <!-- login -->
        <test-method is-config="true" signature="Teardown()[pri:0, instance:Tests.LoginTest@47e2e487]" started-at="2022-11-16T17:19:33 IST" name="Teardown" finished-at="2022-11-16T17:19:34 IST" duration-ms="1730" status="PASS">
          <reporter-output>
          </reporter-output>
        </test-method> <!-- Teardown -->
      </class> <!-- Tests.LoginTest -->
    </test> <!-- Test -->
  </suite> <!-- Suite -->
</testng-results>
