<?xml version="1.0" encoding="UTF-8"?>
<testng-results ignored="0" total="1" passed="1" failed="0" skipped="0">
  <reporter-output>
  </reporter-output>
  <suite started-at="2022-11-23T10:04:56 IST" name="Default suite" finished-at="2022-11-23T10:05:55 IST" duration-ms="59156">
    <groups>
    </groups>
    <test started-at="2022-11-23T10:04:56 IST" name="Default test" finished-at="2022-11-23T10:05:55 IST" duration-ms="59156">
      <class name="Tests.RegisterTest">
        <test-method is-config="true" signature="BrowserSetup()[pri:0, instance:Tests.RegisterTest@21ba0741]" started-at="2022-11-23T10:04:56 IST" name="BrowserSetup" finished-at="2022-11-23T10:05:41 IST" duration-ms="44785" status="PASS">
          <reporter-output>
          </reporter-output>
        </test-method> <!-- BrowserSetup -->
        <test-method signature="register()[pri:0, instance:Tests.RegisterTest@21ba0741]" started-at="2022-11-23T10:05:41 IST" name="register" finished-at="2022-11-23T10:05:53 IST" duration-ms="12539" status="PASS">
          <reporter-output>
          </reporter-output>
        </test-method> <!-- register -->
        <test-method is-config="true" signature="Teardown()[pri:0, instance:Tests.RegisterTest@21ba0741]" started-at="2022-11-23T10:05:54 IST" name="Teardown" finished-at="2022-11-23T10:05:55 IST" duration-ms="1254" status="PASS">
          <reporter-output>
          </reporter-output>
        </test-method> <!-- Teardown -->
      </class> <!-- Tests.RegisterTest -->
    </test> <!-- Default test -->
  </suite> <!-- Default suite -->
</testng-results>
